{
  "stats": {
    "suites": 1,
    "tests": 1,
    "passes": 0,
    "pending": 0,
    "failures": 1,
    "start": "2021-10-01T10:33:45.887Z",
    "end": "2021-10-01T10:33:46.571Z",
    "duration": 684,
    "testsRegistered": 4,
    "passPercent": 0,
    "pendingPercent": 0,
    "other": 0,
    "hasOther": false,
    "skipped": 3,
    "hasSkipped": true
  },
  "results": [
    {
      "uuid": "215f7fe4-4b21-444e-a645-a0a489c6fbc2",
      "title": "",
      "fullFile": "cypress/integration/herokuDeploy.spec.js",
      "file": "cypress/integration/herokuDeploy.spec.js",
      "beforeHooks": [],
      "afterHooks": [],
      "tests": [],
      "suites": [
        {
          "uuid": "89f06ac9-fa73-4408-b6b8-ddd83b67c2af",
          "title": "1 - Verifica se foi feito o deploy do frontend no Heroku",
          "fullFile": "",
          "file": "",
          "beforeHooks": [],
          "afterHooks": [],
          "tests": [
            {
              "title": "Será validado que o botão de mudar de realidade existe",
              "fullTitle": "1 - Verifica se foi feito o deploy do frontend no Heroku Será validado que o botão de mudar de realidade existe",
              "timedOut": null,
              "duration": 661,
              "state": "failed",
              "speed": null,
              "pass": false,
              "fail": true,
              "pending": false,
              "context": null,
              "code": "cy.get(\".change-reality\").should(\"exist\");",
              "err": {
                "message": "CypressError: `cy.visit()` failed trying to load:\n\nhttps://ederpaiva-ft.herokuapp.com/.\n\nThe response we received from your web server was:\n\n  > 502: Bad Gateway\n\nThis was considered a failure because the status code was not `2xx`.\n\nIf you do not want status codes to cause failures pass the option: `failOnStatusCode: false`\n\nBecause this error occurred during a `before each` hook we are skipping the remaining tests in the current suite: `1 - Verifica se foi feito o...`",
                "estack": "CypressError: `cy.visit()` failed trying to load:\n\nhttps://ederpaiva-ft.herokuapp.com/.\n\nThe response we received from your web server was:\n\n  > 502: Bad Gateway\n\nThis was considered a failure because the status code was not `2xx`.\n\nIf you do not want status codes to cause failures pass the option: `failOnStatusCode: false`\n\nBecause this error occurred during a `before each` hook we are skipping the remaining tests in the current suite: `1 - Verifica se foi feito o...`\n    at http://localhost:37785/__cypress/runner/cypress_runner.js:158062:25\n    at visitFailedByErr (http://localhost:37785/__cypress/runner/cypress_runner.js:157432:12)\n    at http://localhost:37785/__cypress/runner/cypress_runner.js:158042:13\n    at tryCatcher (http://localhost:37785/__cypress/runner/cypress_runner.js:10325:23)\n    at Promise._settlePromiseFromHandler (http://localhost:37785/__cypress/runner/cypress_runner.js:8260:31)\n    at Promise._settlePromise (http://localhost:37785/__cypress/runner/cypress_runner.js:8317:18)\n    at Promise._settlePromise0 (http://localhost:37785/__cypress/runner/cypress_runner.js:8362:10)\n    at Promise._settlePromises (http://localhost:37785/__cypress/runner/cypress_runner.js:8438:18)\n    at _drainQueueStep (http://localhost:37785/__cypress/runner/cypress_runner.js:5032:12)\n    at _drainQueue (http://localhost:37785/__cypress/runner/cypress_runner.js:5025:9)\n    at Async.../../node_modules/bluebird/js/release/async.js.Async._drainQueues (http://localhost:37785/__cypress/runner/cypress_runner.js:5041:5)\n    at Async.drainQueues (http://localhost:37785/__cypress/runner/cypress_runner.js:4911:14)\nFrom Your Spec Code:\n    at Context.eval (http://localhost:37785/__cypress/tests?p=cypress/integration/herokuDeploy.spec.js:106:8)",
                "diff": null
              },
              "uuid": "17922f29-6ccc-452d-9946-f4e833a23ddd",
              "parentUUID": "89f06ac9-fa73-4408-b6b8-ddd83b67c2af",
              "isHook": false,
              "skipped": false
            },
            {
              "title": "Será validado que a pesquisa funciona como deveria",
              "fullTitle": "1 - Verifica se foi feito o deploy do frontend no Heroku Será validado que a pesquisa funciona como deveria",
              "timedOut": null,
              "duration": 0,
              "state": "skipped",
              "speed": null,
              "pass": false,
              "fail": false,
              "pending": false,
              "context": null,
              "code": "cy.contains(PESQUISAR).click();\ncy.contains(MARTIN).should(\"exist\");",
              "err": {},
              "uuid": "76e83822-8ecb-45c3-a0ee-9faeda580215",
              "parentUUID": "89f06ac9-fa73-4408-b6b8-ddd83b67c2af",
              "isHook": false,
              "skipped": true
            },
            {
              "title": "Será validado que o botão de mudar de realidade funciona.",
              "fullTitle": "1 - Verifica se foi feito o deploy do frontend no Heroku Será validado que o botão de mudar de realidade funciona.",
              "timedOut": null,
              "duration": 0,
              "state": "skipped",
              "speed": null,
              "pass": false,
              "fail": false,
              "pending": false,
              "context": null,
              "code": "cy.contains(\"Mudar de Realidade\").click();\ncy.contains(PESQUISAR).click();\ncy.contains(INVERTED_MARTIN).should(\"exist\");",
              "err": {},
              "uuid": "01505177-ac65-4c03-b98b-6e27de3c281e",
              "parentUUID": "89f06ac9-fa73-4408-b6b8-ddd83b67c2af",
              "isHook": false,
              "skipped": true
            },
            {
              "title": "Será validado que os botões de próxima página e página anterior funcionam",
              "fullTitle": "1 - Verifica se foi feito o deploy do frontend no Heroku Será validado que os botões de próxima página e página anterior funcionam",
              "timedOut": null,
              "duration": 0,
              "state": "skipped",
              "speed": null,
              "pass": false,
              "fail": false,
              "pending": false,
              "context": null,
              "code": "cy.contains(PESQUISAR).click();\ncy.contains(MARTIN).should(\"exist\");\ncy.contains(\"Próximo\").click();\ncy.contains(\"2\").should(\"exist\");\ncy.contains(Claudia).should(\"exist\");\ncy.contains(\"Anterior\").click();\ncy.contains(\"1\").should(\"exist\");\ncy.contains(MARTIN).should(\"exist\");",
              "err": {},
              "uuid": "3f43f3e4-3d73-439b-95ec-7387900b37bc",
              "parentUUID": "89f06ac9-fa73-4408-b6b8-ddd83b67c2af",
              "isHook": false,
              "skipped": true
            }
          ],
          "suites": [],
          "passes": [],
          "failures": [
            "17922f29-6ccc-452d-9946-f4e833a23ddd"
          ],
          "pending": [],
          "skipped": [
            "76e83822-8ecb-45c3-a0ee-9faeda580215",
            "01505177-ac65-4c03-b98b-6e27de3c281e",
            "3f43f3e4-3d73-439b-95ec-7387900b37bc"
          ],
          "duration": 661,
          "root": false,
          "rootEmpty": false,
          "_timeout": 2000
        }
      ],
      "passes": [],
      "failures": [],
      "pending": [],
      "skipped": [],
      "duration": 0,
      "root": true,
      "rootEmpty": true,
      "_timeout": 2000
    }
  ],
  "meta": {
    "mocha": {
      "version": "7.0.1"
    },
    "mochawesome": {
      "options": {
        "quiet": false,
        "reportFilename": "mochawesome",
        "saveHtml": false,
        "saveJson": true,
        "consoleReporter": "spec",
        "useInlineDiffs": false
      },
      "version": "4.1.0"
    },
    "marge": {
      "options": {
        "id": "default",
        "reportDir": "cypress/reports",
        "overwrite": false,
        "html": false,
        "json": true
      },
      "version": "4.1.0"
    }
  }
}